Arguments: 
  /usr/bin/node /usr/share/yarn/bin/yarn.js add -D tailwindcss postcss autoprefixer

PATH: 
  /usr/local/sbin:/usr/local/bin:/usr/sbin:/usr/bin:/sbin:/bin:/usr/games:/usr/local/games:/snap/bin

Yarn version: 
  1.22.19

Node version: 
  20.10.0

Platform: 
  linux x64

Trace: 
  Error: read ENETUNREACH
      at TLSWrap.onStreamRead (node:internal/stream_base_commons:217:20)

npm manifest: 
  {
    "name": "dashboard",
    "private": true,
    "version": "0.0.0",
    "type": "module",
    "scripts": {
      "dev": "vite",
      "build": "tsc && vite build",
      "lint": "eslint . --ext ts,tsx --report-unused-disable-directives --max-warnings 0",
      "preview": "vite preview"
    },
    "dependencies": {
      "react": "^18.2.0",
      "react-dom": "^18.2.0"
    },
    "devDependencies": {
      "@types/react": "^18.2.43",
      "@types/react-dom": "^18.2.17",
      "@typescript-eslint/eslint-plugin": "^6.14.0",
      "@typescript-eslint/parser": "^6.14.0",
      "@vitejs/plugin-react": "^4.2.1",
      "eslint": "^8.55.0",
      "eslint-plugin-react-hooks": "^4.6.0",
      "eslint-plugin-react-refresh": "^0.4.5",
      "typescript": "^5.2.2",
      "vite": "^5.0.8"
    }
  }

yarn manifest: 
  No manifest

Lockfile: 
  No lockfile
